current directory: /Users/adrw/new-jekyll-recipe-starter/.hermit/ruby/gem/gems/json-2.16.0/ext/json/ext/parser
/Users/adrw/Library/Caches/hermit/pkg/ruby@3.3/bin/ruby extconf.rb
checking for rb_enc_interned_str() in ruby/encoding.h... yes
checking for rb_str_to_interned_str() in ruby.h... yes
checking for rb_hash_new_capa() in ruby.h... yes
checking for rb_hash_bulk_insert() in ruby.h... yes
checking for strnlen() in string.h... yes
checking for whether -std=c99 is accepted as CFLAGS... yes
checking for arm_neon.h... yes
checking for cpuid.h... no
creating Makefile

current directory: /Users/adrw/new-jekyll-recipe-starter/.hermit/ruby/gem/gems/json-2.16.0/ext/json/ext/parser
make DESTDIR\= sitearchdir\=./.gem.20251118-57943-y0we4m sitelibdir\=./.gem.20251118-57943-y0we4m clean

current directory: /Users/adrw/new-jekyll-recipe-starter/.hermit/ruby/gem/gems/json-2.16.0/ext/json/ext/parser
make DESTDIR\= sitearchdir\=./.gem.20251118-57943-y0we4m sitelibdir\=./.gem.20251118-57943-y0we4m
compiling parser.c
linking shared-object json/ext/parser.bundle
ld: warning: -multiply_defined is obsolete

current directory: /Users/adrw/new-jekyll-recipe-starter/.hermit/ruby/gem/gems/json-2.16.0/ext/json/ext/parser
make DESTDIR\= sitearchdir\=./.gem.20251118-57943-y0we4m sitelibdir\=./.gem.20251118-57943-y0we4m install
/usr/bin/install -c -m 0755 parser.bundle ./.gem.20251118-57943-y0we4m/json/ext

current directory: /Users/adrw/new-jekyll-recipe-starter/.hermit/ruby/gem/gems/json-2.16.0/ext/json/ext/parser
make DESTDIR\= sitearchdir\=./.gem.20251118-57943-y0we4m sitelibdir\=./.gem.20251118-57943-y0we4m clean
