current directory: /Users/adrw/new-jekyll-recipe-starter/.hermit/ruby/gem/gems/bigdecimal-3.3.1/ext/bigdecimal
/Users/adrw/Library/Caches/hermit/pkg/ruby@3.3/bin/ruby extconf.rb
checking for __builtin_clz()... yes
checking for __builtin_clzl()... yes
checking for __builtin_clzll()... yes
checking for float.h... yes
checking for math.h... yes
checking for stdbool.h... yes
checking for stdlib.h... yes
checking for x86intrin.h... no
checking for intrin.h... no
checking for ruby/atomic.h... yes
checking for ruby/internal/has/builtin.h... yes
checking for ruby/internal/static_assert.h... yes
checking for rb_complex_real() in ruby.h... yes
checking for rb_complex_imag() in ruby.h... yes
checking for rb_opts_exception_p() in ruby.h... yes
checking for rb_category_warn() in ruby.h... yes
checking for RB_WARN_CATEGORY_DEPRECATED in ruby.h... yes
creating Makefile

current directory: /Users/adrw/new-jekyll-recipe-starter/.hermit/ruby/gem/gems/bigdecimal-3.3.1/ext/bigdecimal
make DESTDIR\= sitearchdir\=./.gem.20251118-57943-4l7euf sitelibdir\=./.gem.20251118-57943-4l7euf clean

current directory: /Users/adrw/new-jekyll-recipe-starter/.hermit/ruby/gem/gems/bigdecimal-3.3.1/ext/bigdecimal
make DESTDIR\= sitearchdir\=./.gem.20251118-57943-4l7euf sitelibdir\=./.gem.20251118-57943-4l7euf
compiling bigdecimal.c
compiling missing.c
linking shared-object bigdecimal.bundle
ld: warning: -multiply_defined is obsolete

current directory: /Users/adrw/new-jekyll-recipe-starter/.hermit/ruby/gem/gems/bigdecimal-3.3.1/ext/bigdecimal
make DESTDIR\= sitearchdir\=./.gem.20251118-57943-4l7euf sitelibdir\=./.gem.20251118-57943-4l7euf install
/usr/bin/install -c -m 0755 bigdecimal.bundle ./.gem.20251118-57943-4l7euf

current directory: /Users/adrw/new-jekyll-recipe-starter/.hermit/ruby/gem/gems/bigdecimal-3.3.1/ext/bigdecimal
make DESTDIR\= sitearchdir\=./.gem.20251118-57943-4l7euf sitelibdir\=./.gem.20251118-57943-4l7euf clean
