current directory: /Users/adrw/new-jekyll-recipe-starter/.hermit/ruby/gem/gems/http_parser.rb-0.8.0/ext/ruby_http_parser
/Users/adrw/Library/Caches/hermit/pkg/ruby@3.3/bin/ruby extconf.rb
creating Makefile

current directory: /Users/adrw/new-jekyll-recipe-starter/.hermit/ruby/gem/gems/http_parser.rb-0.8.0/ext/ruby_http_parser
make DESTDIR\= sitearchdir\=./.gem.20251118-57943-u502pn sitelibdir\=./.gem.20251118-57943-u502pn clean

current directory: /Users/adrw/new-jekyll-recipe-starter/.hermit/ruby/gem/gems/http_parser.rb-0.8.0/ext/ruby_http_parser
make DESTDIR\= sitearchdir\=./.gem.20251118-57943-u502pn sitelibdir\=./.gem.20251118-57943-u502pn
compiling ruby_http_parser.c
ruby_http_parser.c:365:17: warning: comparison of integers of different signs: 'size_t' (aka 'unsigned long') and 'long' [-Wsign-compare]
  365 |     if (nparsed < len)
      |         ~~~~~~~ ^ ~~~
1 warning generated.
compiling ryah_http_parser.c
linking shared-object ruby_http_parser.bundle
ld: warning: -multiply_defined is obsolete

current directory: /Users/adrw/new-jekyll-recipe-starter/.hermit/ruby/gem/gems/http_parser.rb-0.8.0/ext/ruby_http_parser
make DESTDIR\= sitearchdir\=./.gem.20251118-57943-u502pn sitelibdir\=./.gem.20251118-57943-u502pn install
/usr/bin/install -c -m 0755 ruby_http_parser.bundle ./.gem.20251118-57943-u502pn

current directory: /Users/adrw/new-jekyll-recipe-starter/.hermit/ruby/gem/gems/http_parser.rb-0.8.0/ext/ruby_http_parser
make DESTDIR\= sitearchdir\=./.gem.20251118-57943-u502pn sitelibdir\=./.gem.20251118-57943-u502pn clean
